# JRE version: Java(TM) SE Runtime Environment 18.9 (11.0.12+8) (build 11.0.12+8-LTS-237)
# Java VM: Java HotSpot(TM) 64-Bit Server VM 18.9 (11.0.12+8-LTS-237, mixed mode, tiered, compressed oops, g1 gc, windows-amd64)
Heap:
 garbage-first heap   total 131072K, used 25588K [0x0000000081600000, 0x0000000100000000)
  region size 1024K, 15 young (15360K), 2 survivors (2048K)
 Metaspace       used 26775K, capacity 27444K, committed 27520K, reserved 1073152K
  class space    used 2909K, capacity 3190K, committed 3200K, reserved 1048576K
GC Heap History (6 events):
Event: 1.128 GC heap before
{Heap before GC invocations=0 (full 0):
 garbage-first heap   total 131072K, used 14336K [0x0000000081600000, 0x0000000100000000)
  region size 1024K, 14 young (14336K), 0 survivors (0K)
 Metaspace       used 7319K, capacity 7439K, committed 7680K, reserved 1056768K
  class space    used 632K, capacity 674K, committed 768K, reserved 1048576K
}
Event: 1.134 GC heap after
{Heap after GC invocations=1 (full 0):
 garbage-first heap   total 131072K, used 5581K [0x0000000081600000, 0x0000000100000000)
  region size 1024K, 2 young (2048K), 2 survivors (2048K)
 Metaspace       used 7319K, capacity 7439K, committed 7680K, reserved 1056768K
  class space    used 632K, capacity 674K, committed 768K, reserved 1048576K
}
Event: 5.464 GC heap before
{Heap before GC invocations=1 (full 0):
 garbage-first heap   total 131072K, used 56781K [0x0000000081600000, 0x0000000100000000)
  region size 1024K, 53 young (54272K), 2 survivors (2048K)
 Metaspace       used 20915K, capacity 21219K, committed 21248K, reserved 1069056K
  class space    used 2165K, capacity 2290K, committed 2304K, reserved 1048576K
}
Event: 5.478 GC heap after
{Heap after GC invocations=2 (full 0):
 garbage-first heap   total 131072K, used 11209K [0x0000000081600000, 0x0000000100000000)
  region size 1024K, 8 young (8192K), 8 survivors (8192K)
 Metaspace       used 20915K, capacity 21219K, committed 21248K, reserved 1069056K
  class space    used 2165K, capacity 2290K, committed 2304K, reserved 1048576K
}
Event: 6.951 GC heap before
{Heap before GC invocations=3 (full 0):
 garbage-first heap   total 131072K, used 34761K [0x0000000081600000, 0x0000000100000000)
  region size 1024K, 31 young (31744K), 8 survivors (8192K)
 Metaspace       used 26011K, capacity 26711K, committed 27008K, reserved 1073152K
  class space    used 2837K, capacity 3118K, committed 3200K, reserved 1048576K
}
Event: 6.967 GC heap after
{Heap after GC invocations=4 (full 0):
 garbage-first heap   total 131072K, used 13300K [0x0000000081600000, 0x0000000100000000)
  region size 1024K, 2 young (2048K), 2 survivors (2048K)
 Metaspace       used 26011K, capacity 26711K, committed 27008K, reserved 1073152K
  class space    used 2837K, capacity 3118K, committed 3200K, reserved 1048576K
}

